<?xml version="1.0" encoding="UTF-8"?>
<testng-results ignored="0" total="1" passed="1" failed="0" skipped="0">
  <reporter-output>
  </reporter-output>
  <suite started-at="2025-03-11T13:02:46 IST" name="Surefire suite" finished-at="2025-03-11T13:02:51 IST" duration-ms="5806">
    <groups>
    </groups>
    <test started-at="2025-03-11T13:02:46 IST" name="Surefire test" finished-at="2025-03-11T13:02:51 IST" duration-ms="5806">
      <class name="org.test.WebpageTest">
        <test-method is-config="true" signature="openBrowser()[pri:0, instance:org.test.WebpageTest@1a04f701]" started-at="2025-03-11T13:02:46 IST" name="openBrowser" finished-at="2025-03-11T13:02:50 IST" duration-ms="4537" status="PASS">
          <reporter-output>
          </reporter-output>
        </test-method> <!-- openBrowser -->
        <test-method signature="titleValidationTest()[pri:0, instance:org.test.WebpageTest@1a04f701]" started-at="2025-03-11T13:02:50 IST" name="titleValidationTest" finished-at="2025-03-11T13:02:50 IST" duration-ms="17" status="PASS">
          <reporter-output>
          </reporter-output>
        </test-method> <!-- titleValidationTest -->
        <test-method is-config="true" signature="closeBrowser()[pri:0, instance:org.test.WebpageTest@1a04f701]" started-at="2025-03-11T13:02:50 IST" name="closeBrowser" finished-at="2025-03-11T13:02:51 IST" duration-ms="1211" status="PASS">
          <reporter-output>
          </reporter-output>
        </test-method> <!-- closeBrowser -->
      </class> <!-- org.test.WebpageTest -->
    </test> <!-- Surefire test -->
  </suite> <!-- Surefire suite -->
</testng-results>
